The following modules were not unloaded:
  (Use "module --force purge" to unload all):

  1) CCconfig         4) imkl/2020.1.217    7) libfabric/1.10.1
  2) gentoo/2020      5) intel/2020.1.217   8) openmpi/4.0.3
  3) gcccore/.9.3.0   6) ucx/1.8.0          9) StdEnv/2020

Lmod is automatically replacing "intel/2020.1.217" with "gcc/9.3.0".


Due to MODULEPATH changes, the following have been reloaded:
  1) libfabric/1.10.1     2) openmpi/4.0.3     3) ucx/1.8.0

The environment has already been set by the module.
Not making any changes.
The environment has already been set by the module.
Not making any changes.
-I: Adding /cvmfs/restricted.computecanada.ca/easybuild/software/2020/avx2/MPI/gcc9/cuda11.4/openmpi4/amber/20.12-20.15/dat/leap/prep to search path.
-I: Adding /cvmfs/restricted.computecanada.ca/easybuild/software/2020/avx2/MPI/gcc9/cuda11.4/openmpi4/amber/20.12-20.15/dat/leap/lib to search path.
-I: Adding /cvmfs/restricted.computecanada.ca/easybuild/software/2020/avx2/MPI/gcc9/cuda11.4/openmpi4/amber/20.12-20.15/dat/leap/parm to search path.
-I: Adding /cvmfs/restricted.computecanada.ca/easybuild/software/2020/avx2/MPI/gcc9/cuda11.4/openmpi4/amber/20.12-20.15/dat/leap/cmd to search path.
-f: Source PPO.in.

Welcome to LEaP!
(no leaprc in search path)
Sourcing: ./PPO.in
----- Source: /cvmfs/restricted.computecanada.ca/easybuild/software/2020/avx2/MPI/gcc9/cuda11.4/openmpi4/amber/20.12-20.15/dat/leap/cmd/leaprc.gaff
----- Source of /cvmfs/restricted.computecanada.ca/easybuild/software/2020/avx2/MPI/gcc9/cuda11.4/openmpi4/amber/20.12-20.15/dat/leap/cmd/leaprc.gaff done
Log file: ./leap.log
Loading parameters: /cvmfs/restricted.computecanada.ca/easybuild/software/2020/avx2/MPI/gcc9/cuda11.4/openmpi4/amber/20.12-20.15/dat/leap/parm/gaff.dat
Reading title:
AMBER General Force Field for organic molecules (Version 1.81, May 2017)
Loading Mol2 file: ../ligand_files/PPO.mol2
Reading MOLECULE named PPO
Loading parameters: ../ligand_files/PPO.frcmod
Reading force field modification type file (frcmod)
Reading title:
Remark line goes here
Building topology.
Building atom parameters.
	Quit

Exiting LEaP: Errors = 0; Warnings = 0; Notes = 0.
-I: Adding /cvmfs/restricted.computecanada.ca/easybuild/software/2020/avx2/MPI/gcc9/cuda11.4/openmpi4/amber/20.12-20.15/dat/leap/prep to search path.
-I: Adding /cvmfs/restricted.computecanada.ca/easybuild/software/2020/avx2/MPI/gcc9/cuda11.4/openmpi4/amber/20.12-20.15/dat/leap/lib to search path.
-I: Adding /cvmfs/restricted.computecanada.ca/easybuild/software/2020/avx2/MPI/gcc9/cuda11.4/openmpi4/amber/20.12-20.15/dat/leap/parm to search path.
-I: Adding /cvmfs/restricted.computecanada.ca/easybuild/software/2020/avx2/MPI/gcc9/cuda11.4/openmpi4/amber/20.12-20.15/dat/leap/cmd to search path.
-f: Source TXN.in.

Welcome to LEaP!
(no leaprc in search path)
Sourcing: ./TXN.in
----- Source: /cvmfs/restricted.computecanada.ca/easybuild/software/2020/avx2/MPI/gcc9/cuda11.4/openmpi4/amber/20.12-20.15/dat/leap/cmd/leaprc.gaff
----- Source of /cvmfs/restricted.computecanada.ca/easybuild/software/2020/avx2/MPI/gcc9/cuda11.4/openmpi4/amber/20.12-20.15/dat/leap/cmd/leaprc.gaff done
Log file: ./leap.log
Loading parameters: /cvmfs/restricted.computecanada.ca/easybuild/software/2020/avx2/MPI/gcc9/cuda11.4/openmpi4/amber/20.12-20.15/dat/leap/parm/gaff.dat
Reading title:
AMBER General Force Field for organic molecules (Version 1.81, May 2017)
Loading Mol2 file: ../ligand_files/TXN.mol2
Reading MOLECULE named txn4
Loading parameters: ../ligand_files/TXN.frcmod
Reading force field modification type file (frcmod)
Reading title:
Remark line goes here
Building topology.
Building atom parameters.
	Quit

Exiting LEaP: Errors = 0; Warnings = 0; Notes = 0.
-I: Adding /cvmfs/restricted.computecanada.ca/easybuild/software/2020/avx2/MPI/gcc9/cuda11.4/openmpi4/amber/20.12-20.15/dat/leap/prep to search path.
-I: Adding /cvmfs/restricted.computecanada.ca/easybuild/software/2020/avx2/MPI/gcc9/cuda11.4/openmpi4/amber/20.12-20.15/dat/leap/lib to search path.
-I: Adding /cvmfs/restricted.computecanada.ca/easybuild/software/2020/avx2/MPI/gcc9/cuda11.4/openmpi4/amber/20.12-20.15/dat/leap/parm to search path.
-I: Adding /cvmfs/restricted.computecanada.ca/easybuild/software/2020/avx2/MPI/gcc9/cuda11.4/openmpi4/amber/20.12-20.15/dat/leap/cmd to search path.
-f: Source complex.in.

Welcome to LEaP!
(no leaprc in search path)
Sourcing: ./complex.in
----- Source: /cvmfs/restricted.computecanada.ca/easybuild/software/2020/avx2/MPI/gcc9/cuda11.4/openmpi4/amber/20.12-20.15/dat/leap/cmd/leaprc.protein.ff14SB
----- Source of /cvmfs/restricted.computecanada.ca/easybuild/software/2020/avx2/MPI/gcc9/cuda11.4/openmpi4/amber/20.12-20.15/dat/leap/cmd/leaprc.protein.ff14SB done
Log file: ./leap.log
Loading parameters: /cvmfs/restricted.computecanada.ca/easybuild/software/2020/avx2/MPI/gcc9/cuda11.4/openmpi4/amber/20.12-20.15/dat/leap/parm/parm10.dat
Reading title:
PARM99 + frcmod.ff99SB + frcmod.parmbsc0 + OL3 for RNA
Loading parameters: /cvmfs/restricted.computecanada.ca/easybuild/software/2020/avx2/MPI/gcc9/cuda11.4/openmpi4/amber/20.12-20.15/dat/leap/parm/frcmod.ff14SB
Reading force field modification type file (frcmod)
Reading title:
ff14SB protein backbone and sidechain parameters
Loading library: /cvmfs/restricted.computecanada.ca/easybuild/software/2020/avx2/MPI/gcc9/cuda11.4/openmpi4/amber/20.12-20.15/dat/leap/lib/amino12.lib
Loading library: /cvmfs/restricted.computecanada.ca/easybuild/software/2020/avx2/MPI/gcc9/cuda11.4/openmpi4/amber/20.12-20.15/dat/leap/lib/aminoct12.lib
Loading library: /cvmfs/restricted.computecanada.ca/easybuild/software/2020/avx2/MPI/gcc9/cuda11.4/openmpi4/amber/20.12-20.15/dat/leap/lib/aminont12.lib
----- Source: /cvmfs/restricted.computecanada.ca/easybuild/software/2020/avx2/MPI/gcc9/cuda11.4/openmpi4/amber/20.12-20.15/dat/leap/cmd/leaprc.gaff
----- Source of /cvmfs/restricted.computecanada.ca/easybuild/software/2020/avx2/MPI/gcc9/cuda11.4/openmpi4/amber/20.12-20.15/dat/leap/cmd/leaprc.gaff done
Log file: ./leap.log
Loading parameters: /cvmfs/restricted.computecanada.ca/easybuild/software/2020/avx2/MPI/gcc9/cuda11.4/openmpi4/amber/20.12-20.15/dat/leap/parm/gaff.dat
Reading title:
AMBER General Force Field for organic molecules (Version 1.81, May 2017)
----- Source: /cvmfs/restricted.computecanada.ca/easybuild/software/2020/avx2/MPI/gcc9/cuda11.4/openmpi4/amber/20.12-20.15/dat/leap/cmd/leaprc.water.tip3p
----- Source of /cvmfs/restricted.computecanada.ca/easybuild/software/2020/avx2/MPI/gcc9/cuda11.4/openmpi4/amber/20.12-20.15/dat/leap/cmd/leaprc.water.tip3p done
Loading library: /cvmfs/restricted.computecanada.ca/easybuild/software/2020/avx2/MPI/gcc9/cuda11.4/openmpi4/amber/20.12-20.15/dat/leap/lib/atomic_ions.lib
Loading library: /cvmfs/restricted.computecanada.ca/easybuild/software/2020/avx2/MPI/gcc9/cuda11.4/openmpi4/amber/20.12-20.15/dat/leap/lib/solvents.lib
Loading parameters: /cvmfs/restricted.computecanada.ca/easybuild/software/2020/avx2/MPI/gcc9/cuda11.4/openmpi4/amber/20.12-20.15/dat/leap/parm/frcmod.tip3p
Reading force field modification type file (frcmod)
Reading title:
This is the additional/replacement parameter set for TIP3P water
Loading parameters: /cvmfs/restricted.computecanada.ca/easybuild/software/2020/avx2/MPI/gcc9/cuda11.4/openmpi4/amber/20.12-20.15/dat/leap/parm/frcmod.ions1lm_126_tip3p
Reading force field modification type file (frcmod)
Reading title:
Li/Merz ion parameters of monovalent ions for TIP3P water model (12-6 normal usage set)
Loading parameters: /cvmfs/restricted.computecanada.ca/easybuild/software/2020/avx2/MPI/gcc9/cuda11.4/openmpi4/amber/20.12-20.15/dat/leap/parm/frcmod.ionsjc_tip3p
Reading force field modification type file (frcmod)
Reading title:
Monovalent ion parameters for Ewald and TIP3P water from Joung & Cheatham JPCB (2008)
Loading parameters: /cvmfs/restricted.computecanada.ca/easybuild/software/2020/avx2/MPI/gcc9/cuda11.4/openmpi4/amber/20.12-20.15/dat/leap/parm/frcmod.ions234lm_126_tip3p
Reading force field modification type file (frcmod)
Reading title:
Li/Merz ion parameters of divalent to tetravalent ions for TIP3P water model (12-6 normal usage set)
Loading parameters: ../ligand_files/PPO.frcmod
Reading force field modification type file (frcmod)
Reading title:
Remark line goes here
Loading parameters: ../ligand_files/TXN.frcmod
Reading force field modification type file (frcmod)
Reading title:
Remark line goes here
Loading library: ../ligand_files/PPO.lib
Loading library: ../ligand_files/TXN.lib
Loading PDB file: ../TXS-txn4_start.pdb
 (starting new molecule for chain A)
  total atoms in file: 12607
Adding 22 counter ions to "complex" using 1A grid
Grid extends from solute vdw + 3.89  to  9.99
Resolution:      1.00 Angstrom.
 (no solvent present)
Calculating grid charges
Placed Na+ in complex at (56.02, 12.08, 87.07).
Placed Na+ in complex at (60.02, 35.08, 58.07).
Placed Na+ in complex at (68.02, -9.92, 72.07).
Placed Na+ in complex at (25.02, 50.08, 59.07).
Placed Na+ in complex at (68.02, 7.08, 79.07).
Placed Na+ in complex at (34.02, 19.08, 92.07).
Placed Na+ in complex at (54.02, 49.08, 73.07).
Placed Na+ in complex at (45.02, 1.08, 34.07).
Placed Na+ in complex at (41.02, 75.08, 45.07).
Placed Na+ in complex at (60.02, 72.08, 37.07).
Placed Na+ in complex at (32.02, 1.08, 102.07).
Placed Na+ in complex at (57.02, 32.08, 66.07).
Placed Na+ in complex at (24.02, -14.92, 67.07).
Placed Na+ in complex at (63.02, -2.92, 65.07).
Placed Na+ in complex at (12.02, 45.08, 46.07).
Placed Na+ in complex at (44.02, -27.92, 83.07).
Placed Na+ in complex at (59.02, 11.08, 33.07).
Placed Na+ in complex at (17.02, 25.08, 74.07).
Placed Na+ in complex at (38.02, -5.92, 58.07).
Placed Na+ in complex at (59.02, 44.08, 60.07).
Placed Na+ in complex at (54.02, 55.08, 26.07).
Placed Na+ in complex at (47.02, -3.92, 102.07).

Done adding ions.
Scaling up box by a factor of 1.135723 to meet diagonal cut criterion
  Solute vdw bounding box:              58.558 117.968 72.290
  Total bounding box for atom centers:  140.682 140.682 140.682
      (box expansion for 'iso' is 156.3%)
  Solvent unit box:                     18.774 18.774 18.774
  Volume: 1422051.112 A^3 (oct)
  Total mass 793056.341 amu,  Density 0.926 g/cc
  Added 38967 residues.
Adding 256 counter ions to "complex". 38711 solvent molecules will remain.
0: Placed Na+ in complex at (3.43, -46.82, 13.58).
Placed Cl- in complex at (-31.66, -5.41, -52.77).
0: Placed Na+ in complex at (-23.36, -46.49, 26.53).
Placed Cl- in complex at (-21.19, -23.54, -34.80).
0: Placed Na+ in complex at (-27.55, 35.33, 55.21).
Placed Cl- in complex at (12.09, 60.59, -28.37).
0: Placed Na+ in complex at (35.64, -30.91, -50.39).
Placed Cl- in complex at (33.77, -0.73, 51.29).
0: Placed Na+ in complex at (4.98, -17.99, 61.84).
Placed Cl- in complex at (37.41, 39.20, 6.17).
0: Placed Na+ in complex at (36.12, -22.60, -40.84).
Placed Cl- in complex at (24.07, -41.36, 47.14).
0: Placed Na+ in complex at (-52.72, 2.14, 0.85).
Placed Cl- in complex at (-10.35, 30.17, 5.78).
0: Placed Na+ in complex at (58.92, 12.73, -34.12).
Placed Cl- in complex at (-28.98, 47.98, 40.41).
0: Placed Na+ in complex at (-22.34, 21.40, -52.17).
Placed Cl- in complex at (-13.09, 44.23, 15.81).
0: Placed Na+ in complex at (-33.02, 23.19, -4.59).
Placed Cl- in complex at (12.67, -49.84, 6.33).
0: Placed Na+ in complex at (-14.15, -35.75, 36.20).
Placed Cl- in complex at (35.99, -37.23, -10.57).
0: Placed Na+ in complex at (-47.29, -14.03, 10.81).
Placed Cl- in complex at (42.11, 26.12, 13.31).
0: Placed Na+ in complex at (29.46, 29.66, -20.18).
Placed Cl- in complex at (29.04, -9.17, 9.13).
0: Placed Na+ in complex at (60.20, -7.99, -29.91).
Placed Cl- in complex at (-30.31, 17.12, -32.78).
0: Placed Na+ in complex at (18.20, 60.67, -8.94).
Placed Cl- in complex at (-33.03, 36.42, -5.30).
0: Placed Na+ in complex at (-16.94, 33.97, 43.98).
Placed Cl- in complex at (-44.10, 45.61, 25.03).
0: Placed Na+ in complex at (56.55, 44.56, -12.81).
Placed Cl- in complex at (-16.93, -51.04, -8.55).
0: Placed Na+ in complex at (-36.78, -33.56, -25.83).
Placed Cl- in complex at (36.68, 0.69, 22.33).
0: Placed Na+ in complex at (13.20, -39.75, -26.08).
Placed Cl- in complex at (-33.03, -9.57, -31.85).
0: Placed Na+ in complex at (-27.61, -50.62, -1.60).
Placed Cl- in complex at (-2.35, -47.22, 20.23).
0: Placed Na+ in complex at (-17.22, -22.10, 28.14).
Placed Cl- in complex at (44.60, 41.60, 15.44).
0: Placed Na+ in complex at (-40.97, 4.63, -32.51).
Placed Cl- in complex at (-23.81, 55.95, -6.38).
0: Placed Na+ in complex at (43.07, 15.01, -13.22).
Placed Cl- in complex at (-21.23, 54.92, -12.85).
0: Placed Na+ in complex at (7.51, -57.91, 3.11).
Placed Cl- in complex at (-54.02, -1.13, 43.54).
0: Placed Na+ in complex at (-29.47, -62.77, 17.09).
Placed Cl- in complex at (-44.75, 47.38, 16.32).
0: Placed Na+ in complex at (4.90, 17.43, 52.52).
Placed Cl- in complex at (45.66, -30.38, -6.69).
0: Placed Na+ in complex at (-30.59, 9.45, 55.67).
Placed Cl- in complex at (-25.27, 38.55, 47.90).
0: Placed Na+ in complex at (5.35, 38.95, 10.30).
Placed Cl- in complex at (25.38, 50.52, 33.45).
0: Placed Na+ in complex at (-35.15, -35.77, 32.48).
Placed Cl- in complex at (28.46, -25.36, -34.04).
0: Placed Na+ in complex at (19.78, -14.52, 1.86).
Placed Cl- in complex at (46.63, 4.21, 16.04).
0: Placed Na+ in complex at (-10.71, -17.74, 53.33).
Placed Cl- in complex at (-16.12, -13.23, 33.28).
0: Placed Na+ in complex at (20.29, -21.60, 29.60).
Placed Cl- in complex at (-22.71, 3.20, -41.99).
0: Placed Na+ in complex at (21.18, -12.38, 66.69).
Placed Cl- in complex at (40.13, -4.23, 13.13).
0: Placed Na+ in complex at (-26.72, -62.70, 15.31).
Placed Cl- in complex at (17.42, 43.08, -25.83).
0: Placed Na+ in complex at (0.02, -9.17, 24.01).
Placed Cl- in complex at (-0.78, -63.98, -3.02).
0: Placed Na+ in complex at (24.07, -26.56, -54.67).
Placed Cl- in complex at (29.56, -21.73, -51.96).
0: Placed Na+ in complex at (-15.25, 43.13, -40.47).
Placed Cl- in complex at (14.36, -1.29, -58.38).
0: Placed Na+ in complex at (6.58, 27.76, -52.38).
Placed Cl- in complex at (-41.06, -15.05, -33.24).
0: Placed Na+ in complex at (-3.48, 36.82, 9.13).
Placed Cl- in complex at (33.23, -35.93, 32.74).
0: Placed Na+ in complex at (-15.25, 43.13, 39.19).
Placed Cl- in complex at (13.23, 27.09, 38.25).
0: Placed Na+ in complex at (20.35, 16.61, 17.06).
Placed Cl- in complex at (27.24, -43.88, 33.28).
0: Placed Na+ in complex at (53.87, -6.85, -44.87).
Placed Cl- in complex at (-30.44, -48.39, -30.48).
0: Placed Na+ in complex at (43.07, -30.98, -39.77).
Placed Cl- in complex at (-19.07, 54.46, -17.04).
0: Placed Na+ in complex at (-9.36, -28.52, -25.70).
Placed Cl- in complex at (14.27, 14.50, -39.53).
0: Placed Na+ in complex at (15.59, 30.13, 0.42).
Placed Cl- in complex at (-11.74, -16.27, 42.59).
0: Placed Na+ in complex at (-29.01, -44.77, -9.00).
Placed Cl- in complex at (-35.85, 41.73, 16.39).
0: Placed Na+ in complex at (7.53, -2.17, 36.30).
Placed Cl- in complex at (-2.75, -10.11, 38.18).
0: Placed Na+ in complex at (-46.48, -42.54, 11.87).
Placed Cl- in complex at (9.40, -12.26, -70.30).
0: Placed Na+ in complex at (-48.84, 31.28, -2.97).
Placed Cl- in complex at (-46.48, 26.44, -1.41).
0: Placed Na+ in complex at (1.37, -32.29, -56.21).
Placed Cl- in complex at (-26.70, 21.55, 52.09).
0: Placed Na+ in complex at (-44.02, 36.73, 0.93).
Placed Cl- in complex at (-16.63, -65.12, 18.21).
0: Placed Na+ in complex at (-11.87, -27.46, -15.44).
Placed Cl- in complex at (7.36, 22.35, -22.22).
0: Placed Na+ in complex at (57.67, -6.57, -10.57).
Placed Cl- in complex at (-42.32, 32.06, 37.50).
0: Placed Na+ in complex at (-1.15, -13.23, 34.86).
Placed Cl- in complex at (57.32, -0.25, -23.84).
0: Placed Na+ in complex at (23.83, -24.28, -47.50).
Placed Cl- in complex at (-26.83, 10.34, 50.04).
0: Placed Na+ in complex at (-15.69, 15.80, -60.10).
Placed Cl- in complex at (-7.72, -31.49, 31.06).
0: Placed Na+ in complex at (-57.83, -31.85, 16.05).
Placed Cl- in complex at (51.57, 17.88, 19.20).
0: Placed Na+ in complex at (19.05, -28.10, -33.90).
Placed Cl- in complex at (17.42, 20.09, -39.10).
0: Placed Na+ in complex at (21.75, -30.72, 35.80).
Placed Cl- in complex at (19.05, 17.88, 19.20).
0: Placed Na+ in complex at (-13.90, -8.66, 46.20).
Placed Cl- in complex at (24.91, 15.48, -44.80).
0: Placed Na+ in complex at (35.70, 21.47, 14.53).
Placed Cl- in complex at (30.21, -7.84, -65.10).
0: Placed Na+ in complex at (-2.96, 1.26, -38.69).
Placed Cl- in complex at (-48.80, 40.75, -23.92).
0: Placed Na+ in complex at (-57.27, -44.28, -11.77).
Placed Cl- in complex at (-13.60, -0.96, 44.94).
0: Placed Na+ in complex at (-7.33, -14.11, 44.10).
Placed Cl- in complex at (28.87, -39.24, 27.85).
0: Placed Na+ in complex at (-25.57, 13.81, -54.52).
Placed Cl- in complex at (-45.66, -21.64, 26.67).
0: Placed Na+ in complex at (40.75, 52.88, -1.60).
Placed Cl- in complex at (36.06, 1.99, 13.86).
0: Placed Na+ in complex at (-10.71, -40.73, 40.05).
Placed Cl- in complex at (-21.61, -0.06, 62.36).
0: Placed Na+ in complex at (-4.32, -26.61, 52.60).
Placed Cl- in complex at (-7.79, -9.11, 30.37).
0: Placed Na+ in complex at (42.47, 29.59, -23.12).
Placed Cl- in complex at (10.37, -29.47, -2.81).
0: Placed Na+ in complex at (36.06, -21.01, 27.14).
Placed Cl- in complex at (1.25, -46.72, -1.81).
0: Placed Na+ in complex at (-54.48, 39.31, 4.75).
Placed Cl- in complex at (42.47, 6.59, -9.85).
0: Placed Na+ in complex at (21.85, 14.20, -9.56).
Placed Cl- in complex at (-21.65, -62.82, -15.82).
0: Placed Na+ in complex at (-42.91, 24.26, 40.26).
Placed Cl- in complex at (-54.07, 12.92, -26.33).
0: Placed Na+ in complex at (49.79, -2.86, -40.47).
Placed Cl- in complex at (-21.08, 31.94, 37.38).
0: Placed Na+ in complex at (23.80, 12.55, -29.85).
Placed Cl- in complex at (48.08, 20.39, -20.85).
0: Placed Na+ in complex at (-57.42, -27.22, -26.70).
Placed Cl- in complex at (-34.41, 46.80, 1.86).
0: Placed Na+ in complex at (8.11, -49.27, 43.16).
Placed Cl- in complex at (58.47, -0.45, 11.91).
0: Placed Na+ in complex at (-27.62, -5.57, -13.85).
Placed Cl- in complex at (-49.44, -17.47, -18.48).
0: Placed Na+ in complex at (-41.75, 33.12, -37.51).
Placed Cl- in complex at (-0.81, -19.93, -44.70).
0: Placed Na+ in complex at (-17.22, 23.88, -24.96).
Placed Cl- in complex at (-51.81, 35.29, -32.51).
0: Placed Na+ in complex at (-25.52, 22.87, -36.35).
Placed Cl- in complex at (51.94, -24.75, 2.54).
0: Placed Na+ in complex at (31.86, 11.14, 16.38).
Placed Cl- in complex at (-4.26, -10.57, -65.65).
0: Placed Na+ in complex at (-46.99, 6.48, 55.88).
Placed Cl- in complex at (3.34, -1.73, -43.43).
0: Placed Na+ in complex at (-41.16, -20.88, -33.17).
Placed Cl- in complex at (-29.91, 16.14, -56.87).
0: Placed Na+ in complex at (-12.17, 16.61, -62.59).
Placed Cl- in complex at (-4.67, 38.97, -35.49).
0: Placed Na+ in complex at (-34.82, -29.30, -39.71).
Placed Cl- in complex at (25.95, -46.43, -41.20).
0: Placed Na+ in complex at (-23.12, -35.25, 22.63).
Placed Cl- in complex at (-7.24, -60.92, -1.01).
0: Placed Na+ in complex at (42.03, 1.28, -36.04).
Placed Cl- in complex at (0.71, -12.94, 46.01).
0: Placed Na+ in complex at (-37.75, 6.42, 47.95).
Placed Cl- in complex at (-2.30, 15.16, 54.38).
0: Placed Na+ in complex at (-3.48, 13.83, 48.96).
Placed Cl- in complex at (11.49, -18.80, 30.15).
0: Placed Na+ in complex at (-0.90, 45.05, 42.59).
Placed Cl- in complex at (5.80, -16.71, 41.86).
0: Placed Na+ in complex at (42.43, -4.03, 11.71).
Placed Cl- in complex at (12.09, -54.38, -41.64).
0: Placed Na+ in complex at (43.44, -3.82, -22.29).
Placed Cl- in complex at (10.34, 41.27, 0.32).
0: Placed Na+ in complex at (-12.32, -54.31, 24.73).
Placed Cl- in complex at (-39.89, -52.56, -10.57).
0: Placed Na+ in complex at (-49.29, -12.30, -41.43).
Placed Cl- in complex at (-58.73, -35.25, 8.59).
0: Placed Na+ in complex at (19.87, 48.84, 27.20).
Placed Cl- in complex at (34.46, 37.98, 18.64).
0: Placed Na+ in complex at (54.22, -24.50, 24.01).
Placed Cl- in complex at (-51.02, 13.81, 1.26).
0: Placed Na+ in complex at (-13.15, 31.31, -27.43).
Placed Cl- in complex at (42.46, -8.60, -50.34).
0: Placed Na+ in complex at (-27.76, 13.19, 61.18).
Placed Cl- in complex at (-22.15, -29.47, -29.36).
0: Placed Na+ in complex at (47.68, 18.91, 11.78).
Placed Cl- in complex at (57.72, -8.95, -18.55).
0: Placed Na+ in complex at (6.91, -52.35, -2.47).
Placed Cl- in complex at (57.91, 5.97, 18.67).
0: Placed Na+ in complex at (-25.27, 38.55, 21.34).
Placed Cl- in complex at (3.13, -7.91, -63.66).
0: Placed Na+ in complex at (-13.19, 6.43, -72.70).
Placed Cl- in complex at (33.23, -12.94, -60.19).
0: Placed Na+ in complex at (54.80, 1.28, -15.72).
Placed Cl- in complex at (-52.96, 41.60, 15.44).
0: Placed Na+ in complex at (53.46, -0.38, -1.52).
Placed Cl- in complex at (49.52, 0.64, -22.21).
0: Placed Na+ in complex at (3.64, 39.98, 26.76).
Placed Cl- in complex at (36.79, 14.88, 38.46).
0: Placed Na+ in complex at (44.56, -44.35, 23.75).
Placed Cl- in complex at (28.87, 52.74, 1.29).
0: Placed Na+ in complex at (-44.16, -12.27, -31.42).
Placed Cl- in complex at (-41.75, 10.12, 55.42).
0: Placed Na+ in complex at (-46.99, 29.47, 16.05).
Placed Cl- in complex at (20.29, 47.38, -36.78).
0: Placed Na+ in complex at (-14.65, 29.61, -24.10).
Placed Cl- in complex at (-56.95, 28.21, -1.65).
0: Placed Na+ in complex at (-23.06, -51.22, -29.46).
Placed Cl- in complex at (-22.57, 52.58, 43.26).
0: Placed Na+ in complex at (-45.25, 8.48, 41.68).
Placed Cl- in complex at (-1.25, -47.85, 23.28).
0: Placed Na+ in complex at (-8.76, 28.26, -30.48).
Placed Cl- in complex at (28.07, 21.48, -17.62).
0: Placed Na+ in complex at (6.39, -9.18, 62.03).
Placed Cl- in complex at (-29.72, -44.65, 32.85).
0: Placed Na+ in complex at (-56.78, 33.65, -6.95).
Placed Cl- in complex at (41.57, 26.04, 35.20).
0: Placed Na+ in complex at (-10.35, -15.81, -20.77).
Placed Cl- in complex at (24.91, 15.48, 8.30).
0: Placed Na+ in complex at (34.44, -10.54, -59.16).
Placed Cl- in complex at (15.57, -25.60, 58.81).
0: Placed Na+ in complex at (-52.13, -34.53, -15.27).
Placed Cl- in complex at (15.89, -19.13, 18.21).
0: Placed Na+ in complex at (7.10, 16.29, -61.59).
Placed Cl- in complex at (-8.48, 21.57, 0.47).
0: Placed Na+ in complex at (25.19, 8.89, -22.28).
Placed Cl- in complex at (8.53, 7.49, 41.10).
0: Placed Na+ in complex at (26.73, 65.18, -21.62).
Placed Cl- in complex at (42.05, -24.75, -45.32).
0: Placed Na+ in complex at (-24.11, -27.71, -36.41).
Placed Cl- in complex at (41.46, -29.84, 28.41).
0: Placed Na+ in complex at (-42.87, 37.78, -34.80).
Placed Cl- in complex at (-36.97, -24.51, -17.62).
0: Placed Na+ in complex at (-47.25, 6.52, 25.52).
Placed Cl- in complex at (-56.96, -16.29, 18.39).
0: Placed Na+ in complex at (35.70, -47.51, -25.29).
Placed Cl- in complex at (20.43, 51.79, -16.54).
0: Placed Na+ in complex at (-28.34, 52.26, 38.77).
Placed Cl- in complex at (-10.93, -41.35, -8.82).
0: Placed Na+ in complex at (4.16, -45.30, -30.77).
Placed Cl- in complex at (-21.61, -23.05, 49.08).
0: Placed Na+ in complex at (53.39, 10.73, 34.95).
Placed Cl- in complex at (-38.47, -45.11, 19.44).
Checking Unit.
Building topology.
Building atom parameters.
Building bond parameters.
Building angle parameters.
Building proper torsion parameters.
Building improper torsion parameters.
 total 2626 improper torsions applied
Building H-Bond parameters.
Incorporating Non-Bonded adjustments.
Not Marking per-residue atom chain types.
Marking per-residue atom chain types.
  (Residues lacking connect0/connect1 - 
   these don't have chain types marked:

	res	total affected

	CVAL	1
	NMET	1
	PPO	1
	TXN	1
	WAT	38711
  )
 (no restraints)
	Quit

Exiting LEaP: Errors = 0; Warnings = 0; Notes = 0.
